<?xml version="1.0" encoding="UTF-8"?>
<!-- Generated by org.testng.reporters.JUnitReportReporter -->
<testsuite hostname="DESKTOP-CAKO4GA" failures="0" tests="1" name="TestNG_Demo1" time="10.030" errors="0" timestamp="11 May 2020 19:04:12 GMT" skipped="0">
  <testcase classname="TestNG_Demo1" name="googleSearchtestNG1" time="10.030"/>
</testsuite> <!-- TestNG_Demo1 -->
