<?xml version="1.0" encoding="UTF-8"?>
<!-- Generated by org.testng.reporters.JUnitReportReporter -->
<testsuite hostname="DESKTOP-CAKO4GA" failures="0" tests="7" name="testng_groups.TestNgGroup" time="0.035" errors="0" timestamp="2020-05-12T16:27:02 CEST" skipped="0">
  <testcase classname="testng_groups.TestNgGroup" name="test6" time="0.004"/>
  <system-out/>
  <testcase classname="testng_groups.TestNgGroup" name="test1" time="0.013"/>
  <system-out/>
  <testcase classname="testng_groups.TestNgGroup" name="test4" time="0.004"/>
  <system-out/>
  <testcase classname="testng_groups.TestNgGroup" name="test3" time="0.004"/>
  <system-out/>
  <testcase classname="testng_groups.TestNgGroup" name="test5" time="0.003"/>
  <system-out/>
  <testcase classname="testng_groups.TestNgGroup" name="test7" time="0.003"/>
  <system-out/>
  <testcase classname="testng_groups.TestNgGroup" name="test2" time="0.004"/>
  <system-out/>
</testsuite> <!-- testng_groups.TestNgGroup -->
