<?xml version="1.0" encoding="UTF-8"?>
<!-- Generated by org.testng.reporters.JUnitReportReporter -->
<testsuite hostname="DESKTOP-CAKO4GA" failures="0" tests="3" name="utils.ExcelDataProvider" time="4.321" errors="0" timestamp="12 May 2020 01:03:13 GMT" skipped="0">
  <testcase classname="utils.ExcelDataProvider" name="test1" time="0.881"/>
  <testcase classname="utils.ExcelDataProvider" name="test1" time="1.034"/>
  <testcase classname="utils.ExcelDataProvider" name="test1" time="2.406"/>
</testsuite> <!-- utils.ExcelDataProvider -->
