<?xml version="1.0" encoding="UTF-8"?>
<!-- Generated by org.testng.reporters.JUnitReportReporter -->
<testsuite hostname="DESKTOP-CAKO4GA" failures="0" tests="1" name="katalon_recorder.KatalonTestRecorder" time="7.702" errors="0" timestamp="2020-05-12T18:01:33 CEST" skipped="0">
  <testcase classname="katalon_recorder.KatalonTestRecorder" name="test1" time="7.702"/>
  <system-out/>
</testsuite> <!-- katalon_recorder.KatalonTestRecorder -->
