<?xml version="1.0" encoding="UTF-8"?>
<!-- Generated by org.testng.reporters.JUnitReportReporter -->
<testsuite hostname="DESKTOP-CAKO4GA" failures="0" tests="1" name="testNgParameters.TestngParameter" time="0.011" errors="0" timestamp="2020-05-12T16:53:55 CEST" skipped="0">
  <testcase classname="testNgParameters.TestngParameter" name="check" time="0.011"/>
  <system-out/>
</testsuite> <!-- testNgParameters.TestngParameter -->
