<?xml version="1.0" encoding="UTF-8"?>
<!-- Generated by org.testng.reporters.JUnitReportReporter -->
<testsuite hostname="DESKTOP-CAKO4GA" failures="0" tests="3" name="testNGListeners.TestNgListenersDemo2" time="6.526" errors="0" timestamp="2020-05-12T14:43:12 CEST" skipped="1">
  <testcase classname="testNGListeners.TestNgListenersDemo2" name="test6" time="0.002">
    <skipped/>
  </testcase> <!-- test6 -->
  <system-out/>
  <testcase classname="testNGListeners.TestNgListenersDemo2" name="test4" time="0.013"/>
  <system-out/>
  <testcase classname="testNGListeners.TestNgListenersDemo2" name="test5" time="6.511"/>
  <system-out/>
</testsuite> <!-- testNGListeners.TestNgListenersDemo2 -->
