<?xml version="1.0" encoding="UTF-8"?>
<!-- Generated by org.testng.reporters.JUnitReportReporter -->
<testsuite hostname="DESKTOP-CAKO4GA" failures="0" tests="3" name="testng_ingnore.Snippet" time="0.020" errors="0" timestamp="2020-05-12T17:15:09 CEST" skipped="0">
  <testcase classname="testng_ingnore.Snippet" name="testA" time="0.001"/>
  <system-out/>
  <testcase classname="testng_ingnore.Snippet" name="testC" time="0.014"/>
  <system-out/>
  <testcase classname="testng_ingnore.Snippet" name="testD" time="0.005"/>
  <system-out/>
</testsuite> <!-- testng_ingnore.Snippet -->
