<?xml version="1.0" encoding="UTF-8"?>
<!-- Generated by org.testng.reporters.JUnitReportReporter -->
<testsuite hostname="DESKTOP-CAKO4GA" failures="0" tests="2" name="ExtentReportDemoTestNG" time="12.548" errors="0" timestamp="11 May 2020 17:35:40 GMT" skipped="0">
  <testcase classname="ExtentReportDemoTestNG" name="youtube_search" time="6.166"/>
  <testcase classname="ExtentReportDemoTestNG" name="visit_Google" time="6.382"/>
</testsuite> <!-- ExtentReportDemoTestNG -->
