<?xml version="1.0" encoding="UTF-8"?>
<!-- Generated by org.testng.reporters.JUnitReportReporter -->
<testsuite hostname="DESKTOP-CAKO4GA" failures="0" tests="4" name="testNg_Dependency.TestNgDependencies" time="0.018" errors="0" timestamp="2020-05-12T17:06:16 CEST" skipped="0">
  <testcase classname="testNg_Dependency.TestNgDependencies" name="testC" time="0.010"/>
  <system-out/>
  <testcase classname="testNg_Dependency.TestNgDependencies" name="testA" time="0.002"/>
  <system-out/>
  <testcase classname="testNg_Dependency.TestNgDependencies" name="testD" time="0.003"/>
  <system-out/>
  <testcase classname="testNg_Dependency.TestNgDependencies" name="testB" time="0.003"/>
  <system-out/>
</testsuite> <!-- testNg_Dependency.TestNgDependencies -->
