<?xml version="1.0" encoding="UTF-8"?>
<!-- Generated by org.testng.reporters.JUnitReportReporter -->
<testsuite hostname="DESKTOP-CAKO4GA" failures="0" tests="1" name="TestNG_Demo" time="6.158" errors="0" timestamp="11 May 2020 22:12:36 GMT" skipped="0">
  <testcase classname="TestNG_Demo" name="googleSearchtestNG" time="6.158"/>
</testsuite> <!-- TestNG_Demo -->
