<?xml version="1.0" encoding="UTF-8"?>
<!-- Generated by org.testng.reporters.JUnitReportReporter -->
<testsuite hostname="DESKTOP-CAKO4GA" failures="0" tests="3" name="testng_priority.TestNgPriority" time="0.019" errors="0" timestamp="2020-05-12T14:52:14 CEST" skipped="0">
  <testcase classname="testng_priority.TestNgPriority" name="test2" time="0.012"/>
  <system-out/>
  <testcase classname="testng_priority.TestNgPriority" name="test3" time="0.002"/>
  <system-out/>
  <testcase classname="testng_priority.TestNgPriority" name="test1" time="0.005"/>
  <system-out/>
</testsuite> <!-- testng_priority.TestNgPriority -->
